

*******************************************************************************
Thu May 25 23:15:02 2023


FIT:    data read from "Cplot.data" using ($1):($2) index 0
        format = x:z
        #datapoints = 10
        residuals are weighted equally (unit weight)

function used for fitting: n3(x)
	n3(x) = A*x**3+C
fitted parameters and initial values from file: start.par

iter      chisq       delta/lim  lambda   A             C            
   0 1.4422570992e+15   0.00e+00  8.49e+06    1.000000e+00   1.000000e-01
   5 2.7122922875e-02  -1.46e-02  8.49e+01    5.054296e-08   9.999999e-02

After 5 iterations the fit converged.
final sum of squares of residuals : 0.0271229
rel. change during last iteration : -1.46179e-07

degrees of freedom    (FIT_NDF)                        : 8
rms of residuals      (FIT_STDFIT) = sqrt(WSSR/ndf)    : 0.0582268
variance of residuals (reduced chisquare) = WSSR/ndf   : 0.00339037

Final set of parameters            Asymptotic Standard Error
=======================            ==========================
A               = 5.0543e-08       +/- 2.091e-09    (4.138%)
C               = 0.1              +/- 0.02512      (25.12%)

correlation matrix of the fit parameters:
                A      C      
A               1.000 
C              -0.680  1.000 
