

*******************************************************************************
Sat May 27 17:15:19 2023


FIT:    data read from 'plot.data' using ($1):($3)
        format = x:z
        #datapoints = 98
        residuals are weighted equally (unit weight)

function used for fitting: n(x)
	n(x) = A/sqrt(x)+C
fitted parameters and initial values from file: start.par

iter      chisq       delta/lim  lambda   A             C            
   0 9.8849825974e+01   0.00e+00  7.07e-01    1.000000e+00   1.000000e+00
   4 4.5440896984e-03  -7.46e-02  7.07e-05    2.711211e-01   9.489265e-03

After 4 iterations the fit converged.
final sum of squares of residuals : 0.00454409
rel. change during last iteration : -7.46338e-07

degrees of freedom    (FIT_NDF)                        : 96
rms of residuals      (FIT_STDFIT) = sqrt(WSSR/ndf)    : 0.00687999
variance of residuals (reduced chisquare) = WSSR/ndf   : 4.73343e-05

Final set of parameters            Asymptotic Standard Error
=======================            ==========================
A               = 0.271121         +/- 0.05225      (19.27%)
C               = 0.00948927       +/- 0.001206     (12.71%)

correlation matrix of the fit parameters:
                A      C      
A               1.000 
C              -0.817  1.000 
