

*******************************************************************************
Thu May 25 19:44:59 2023


FIT:    data read from "time.data" using 1:2
        format = x:z
        #datapoints = 26
        residuals are weighted equally (unit weight)

function used for fitting: n3(x)
	n3(x) = A*x**3+C
fitted parameters and initial values from file: start.par

iter      chisq       delta/lim  lambda   A             C            
   0 2.2405928246e+17   0.00e+00  6.56e+07    1.000000e+00   1.000000e-01
   5 1.2463443562e-01  -5.23e-04  6.56e+02    5.231491e-09   1.000000e-01

After 5 iterations the fit converged.
final sum of squares of residuals : 0.124634
rel. change during last iteration : -5.23179e-09

degrees of freedom    (FIT_NDF)                        : 24
rms of residuals      (FIT_STDFIT) = sqrt(WSSR/ndf)    : 0.0720632
variance of residuals (reduced chisquare) = WSSR/ndf   : 0.0051931

Final set of parameters            Asymptotic Standard Error
=======================            ==========================
A               = 5.23149e-09      +/- 2.182e-10    (4.171%)
C               = 0.1              +/- 0.02026      (20.26%)

correlation matrix of the fit parameters:
                A      C      
A               1.000 
C              -0.716  1.000 


*******************************************************************************
Thu May 25 20:25:06 2023


FIT:    data read from "time.data" using 1:2
        format = x:z
        #datapoints = 26
        residuals are weighted equally (unit weight)

function used for fitting: n3(x)
	n3(x) = A*x**3+C
fitted parameters and initial values from file: start.par

iter      chisq       delta/lim  lambda   A             C            
   0 2.2405928246e+17   0.00e+00  6.56e+07    1.000000e+00   1.000000e-01
   5 1.2463443562e-01  -5.23e-04  6.56e+02    5.231491e-09   1.000000e-01

After 5 iterations the fit converged.
final sum of squares of residuals : 0.124634
rel. change during last iteration : -5.23179e-09

degrees of freedom    (FIT_NDF)                        : 24
rms of residuals      (FIT_STDFIT) = sqrt(WSSR/ndf)    : 0.0720632
variance of residuals (reduced chisquare) = WSSR/ndf   : 0.0051931

Final set of parameters            Asymptotic Standard Error
=======================            ==========================
A               = 5.23149e-09      +/- 2.182e-10    (4.171%)
C               = 0.1              +/- 0.02026      (20.26%)

correlation matrix of the fit parameters:
                A      C      
A               1.000 
C              -0.716  1.000 


*******************************************************************************
Thu May 25 20:25:59 2023


FIT:    data read from "time.data" using 1:2
        format = x:z
        #datapoints = 26
        residuals are weighted equally (unit weight)

function used for fitting: n3(x)
	n3(x) = A*x**3+C
fitted parameters and initial values from file: start.par

iter      chisq       delta/lim  lambda   A             C            
   0 2.2405928246e+17   0.00e+00  6.56e+07    1.000000e+00   1.000000e-01
   5 1.2463443562e-01  -5.23e-04  6.56e+02    5.231491e-09   1.000000e-01

After 5 iterations the fit converged.
final sum of squares of residuals : 0.124634
rel. change during last iteration : -5.23179e-09

degrees of freedom    (FIT_NDF)                        : 24
rms of residuals      (FIT_STDFIT) = sqrt(WSSR/ndf)    : 0.0720632
variance of residuals (reduced chisquare) = WSSR/ndf   : 0.0051931

Final set of parameters            Asymptotic Standard Error
=======================            ==========================
A               = 5.23149e-09      +/- 2.182e-10    (4.171%)
C               = 0.1              +/- 0.02026      (20.26%)

correlation matrix of the fit parameters:
                A      C      
A               1.000 
C              -0.716  1.000 
